Sun, 14 Jun 2026 15:15:02 GMT POST /api/v1/auth/login 200 319 - 62.630 ms
Sun, 14 Jun 2026 19:13:58 GMT POST /api/auth/login 404 154 - 0.531 ms
Sun, 14 Jun 2026 19:14:05 GMT POST /api/auth/login 404 154 - 0.191 ms
Sun, 14 Jun 2026 19:14:21 GMT POST /api/auth/login 404 154 - 0.158 ms
Sun, 14 Jun 2026 19:15:17 GMT POST /api/v1/auth/login 200 319 - 53.202 ms
Sun, 14 Jun 2026 19:15:23 GMT GET /api/v1/auth/me 200 114 - 2.713 ms
Sun, 14 Jun 2026 19:15:23 GMT GET /api/v1/auth/me 304 - - 1.604 ms
Sun, 14 Jun 2026 19:15:26 GMT GET /api/v1/auth/me 304 - - 1.864 ms
Sun, 14 Jun 2026 19:15:26 GMT GET /api/v1/auth/me 304 - - 1.385 ms
Sun, 14 Jun 2026 19:16:21 GMT POST /api/v1/auth/login 200 319 - 52.298 ms
Sun, 14 Jun 2026 19:16:40 GMT GET /api/v1/auth/me 304 - - 1.482 ms
Sun, 14 Jun 2026 19:16:40 GMT GET /api/v1/auth/me 304 - - 2.123 ms
Sun, 14 Jun 2026 19:17:14 GMT GET /api/v1/auth/me 304 - - 1.599 ms
Sun, 14 Jun 2026 19:17:14 GMT GET /api/v1/auth/me 304 - - 1.380 ms
Sun, 14 Jun 2026 19:17:54 GMT GET /api/v1/auth/me 304 - - 1.661 ms
Sun, 14 Jun 2026 19:17:54 GMT GET /api/v1/auth/me 304 - - 1.178 ms
Sun, 14 Jun 2026 19:18:47 GMT GET /api/v1/auth/me 304 - - 1.656 ms
Sun, 14 Jun 2026 19:18:47 GMT GET /api/v1/auth/me 304 - - 0.982 ms
Sun, 14 Jun 2026 19:18:55 GMT GET /api/v1/auth/me 304 - - 1.302 ms
Sun, 14 Jun 2026 19:18:55 GMT GET /api/v1/auth/me 304 - - 1.007 ms
Sun, 14 Jun 2026 19:19:19 GMT GET /api/v1/auth/me 304 - - 1.612 ms
Sun, 14 Jun 2026 19:19:20 GMT GET /api/v1/auth/me 304 - - 1.583 ms
Sun, 14 Jun 2026 19:19:21 GMT GET /api/v1/auth/me 304 - - 1.271 ms
Sun, 14 Jun 2026 19:19:21 GMT GET /api/v1/auth/me 304 - - 1.293 ms
Sun, 14 Jun 2026 19:19:36 GMT GET /api/v1/auth/me 304 - - 1.284 ms
Sun, 14 Jun 2026 19:19:36 GMT GET /api/v1/auth/me 304 - - 0.952 ms
Sun, 14 Jun 2026 19:19:50 GMT GET /api/v1/auth/me 304 - - 1.614 ms
Sun, 14 Jun 2026 19:19:50 GMT GET /api/v1/auth/me 304 - - 1.115 ms
Sun, 14 Jun 2026 19:19:55 GMT GET /api/v1/auth/me 304 - - 1.502 ms
Sun, 14 Jun 2026 19:19:55 GMT GET /api/v1/auth/me 304 - - 1.195 ms
Sun, 14 Jun 2026 19:20:52 GMT GET /api/v1/auth/me 304 - - 1.457 ms
Sun, 14 Jun 2026 19:20:52 GMT GET /api/v1/auth/me 304 - - 1.300 ms
Sun, 14 Jun 2026 19:21:04 GMT GET /api/v1/auth/me 304 - - 1.272 ms
Sun, 14 Jun 2026 19:21:04 GMT GET /api/v1/auth/me 304 - - 0.965 ms
Sun, 14 Jun 2026 19:21:21 GMT GET /api/v1/auth/me 304 - - 1.260 ms
Sun, 14 Jun 2026 19:21:21 GMT GET /api/v1/auth/me 304 - - 0.971 ms
Sun, 14 Jun 2026 19:22:09 GMT GET /api/v1/auth/me 304 - - 1.530 ms
Sun, 14 Jun 2026 19:22:09 GMT GET /api/v1/auth/me 304 - - 1.001 ms
Sun, 14 Jun 2026 19:23:11 GMT GET /api/v1/auth/me 304 - - 1.482 ms
Sun, 14 Jun 2026 19:23:11 GMT GET /api/v1/auth/me 304 - - 1.223 ms
Sun, 14 Jun 2026 19:23:31 GMT GET /api/v1/auth/me 304 - - 1.238 ms
Sun, 14 Jun 2026 19:23:31 GMT GET /api/v1/auth/me 304 - - 1.475 ms
Sun, 14 Jun 2026 19:23:46 GMT GET /api/v1/auth/me 304 - - 1.242 ms
Sun, 14 Jun 2026 19:23:46 GMT GET /api/v1/auth/me 304 - - 1.240 ms
Sun, 14 Jun 2026 19:23:50 GMT GET /api/v1/auth/me 304 - - 1.796 ms
Sun, 14 Jun 2026 19:23:50 GMT GET /api/v1/auth/me 304 - - 1.497 ms
Sun, 14 Jun 2026 19:24:38 GMT GET /api/v1/auth/me 304 - - 19.545 ms
Sun, 14 Jun 2026 19:24:38 GMT GET /api/v1/auth/me 304 - - 1.815 ms
Sun, 14 Jun 2026 19:25:02 GMT GET /api/v1/auth/me 304 - - 1.551 ms
Sun, 14 Jun 2026 19:25:02 GMT GET /api/v1/auth/me 304 - - 1.531 ms
Sun, 14 Jun 2026 19:25:56 GMT GET /api/v1/auth/me 304 - - 1.831 ms
Sun, 14 Jun 2026 19:25:56 GMT GET /api/v1/auth/me 304 - - 1.443 ms
Sun, 14 Jun 2026 19:26:49 GMT GET /api/v1/auth/me 304 - - 1.496 ms
Sun, 14 Jun 2026 19:26:49 GMT GET /api/v1/auth/me 304 - - 0.962 ms
Sun, 14 Jun 2026 19:27:24 GMT GET /api/v1/auth/me 304 - - 2.064 ms
Sun, 14 Jun 2026 19:27:24 GMT GET /api/v1/auth/me 304 - - 1.794 ms
Sun, 14 Jun 2026 19:27:29 GMT GET /api/v1/auth/me 304 - - 1.368 ms
Sun, 14 Jun 2026 19:27:29 GMT GET /api/v1/auth/me 304 - - 1.177 ms
Sun, 14 Jun 2026 19:28:24 GMT GET /api/v1/auth/me 304 - - 1.309 ms
Sun, 14 Jun 2026 19:28:24 GMT GET /api/v1/auth/me 304 - - 1.418 ms
Sun, 14 Jun 2026 19:28:51 GMT GET /api/v1/auth/me 304 - - 1.465 ms
Sun, 14 Jun 2026 19:28:51 GMT GET /api/v1/auth/me 304 - - 1.059 ms
Sun, 14 Jun 2026 19:28:59 GMT GET /api/v1/auth/me 304 - - 1.313 ms
Sun, 14 Jun 2026 19:28:59 GMT GET /api/v1/auth/me 304 - - 1.286 ms
Sun, 14 Jun 2026 19:29:12 GMT GET /api/v1/auth/me 304 - - 18.077 ms
Sun, 14 Jun 2026 19:29:12 GMT GET /api/v1/auth/me 304 - - 1.760 ms
Sun, 14 Jun 2026 19:32:47 GMT GET /api/v1/auth/me 304 - - 1.860 ms
Sun, 14 Jun 2026 19:32:47 GMT GET /api/v1/auth/me 304 - - 1.484 ms
Sun, 14 Jun 2026 19:37:13 GMT GET /api/v1/auth/me 304 - - 1.646 ms
Sun, 14 Jun 2026 19:37:14 GMT GET /api/v1/auth/me 304 - - 1.490 ms
Sun, 14 Jun 2026 19:37:18 GMT GET /api/v1/auth/me 304 - - 1.645 ms
Sun, 14 Jun 2026 19:37:18 GMT GET /api/v1/auth/me 304 - - 1.610 ms
Sun, 14 Jun 2026 19:37:34 GMT GET /api/v1/auth/me 304 - - 2.140 ms
Sun, 14 Jun 2026 19:37:34 GMT GET /api/v1/auth/me 304 - - 1.219 ms
Sun, 14 Jun 2026 19:37:57 GMT GET /api/v1/auth/me 304 - - 1.368 ms
Sun, 14 Jun 2026 19:37:57 GMT GET /api/v1/auth/me 304 - - 1.333 ms
Sun, 14 Jun 2026 19:38:24 GMT GET /api/v1/auth/me 304 - - 1.285 ms
Sun, 14 Jun 2026 19:38:24 GMT GET /api/v1/auth/me 304 - - 1.324 ms
Sun, 14 Jun 2026 19:38:53 GMT GET /api/v1/auth/me 304 - - 1.285 ms
Sun, 14 Jun 2026 19:38:53 GMT GET /api/v1/auth/me 304 - - 1.270 ms
Sun, 14 Jun 2026 19:39:05 GMT GET /api/v1/auth/me 304 - - 1.293 ms
Sun, 14 Jun 2026 19:39:05 GMT GET /api/v1/auth/me 304 - - 1.289 ms
Sun, 14 Jun 2026 19:39:06 GMT GET /api/v1/auth/me 304 - - 1.241 ms
Sun, 14 Jun 2026 19:39:06 GMT GET /api/v1/auth/me 304 - - 1.035 ms
Sun, 14 Jun 2026 19:39:36 GMT GET /api/v1/auth/me 304 - - 1.234 ms
Sun, 14 Jun 2026 19:39:36 GMT GET /api/v1/auth/me 304 - - 1.330 ms
Sun, 14 Jun 2026 19:39:38 GMT GET /api/v1/auth/me 304 - - 1.242 ms
Sun, 14 Jun 2026 19:39:38 GMT GET /api/v1/auth/me 304 - - 1.035 ms
Sun, 14 Jun 2026 19:39:40 GMT GET /api/v1/auth/me 304 - - 1.331 ms
Sun, 14 Jun 2026 19:39:40 GMT GET /api/v1/auth/me 304 - - 0.885 ms
Sun, 14 Jun 2026 19:39:49 GMT GET /api/v1/auth/me 304 - - 1.364 ms
Sun, 14 Jun 2026 19:39:50 GMT GET /api/v1/auth/me 304 - - 1.258 ms
Sun, 14 Jun 2026 19:39:50 GMT GET /api/v1/auth/me 304 - - 1.285 ms
Sun, 14 Jun 2026 19:39:50 GMT GET /api/v1/auth/me 304 - - 1.305 ms
Sun, 14 Jun 2026 19:40:09 GMT GET /api/v1/auth/me 304 - - 1.401 ms
Sun, 14 Jun 2026 19:40:09 GMT GET /api/v1/auth/me 304 - - 0.992 ms
Sun, 14 Jun 2026 19:40:43 GMT GET /api/v1/auth/me 304 - - 1.305 ms
Sun, 14 Jun 2026 19:40:44 GMT GET /api/v1/auth/me 304 - - 1.272 ms
Sun, 14 Jun 2026 19:41:04 GMT GET /api/v1/auth/me 304 - - 1.343 ms
Sun, 14 Jun 2026 19:41:04 GMT GET /api/v1/audits 404 152 - 1.206 ms
Sun, 14 Jun 2026 19:41:04 GMT GET /api/v1/clients 200 186 - 2.666 ms
Sun, 14 Jun 2026 19:41:04 GMT GET /api/v1/audits 404 152 - 0.259 ms
Sun, 14 Jun 2026 19:41:04 GMT GET /api/v1/clients 304 - - 1.337 ms
Sun, 14 Jun 2026 19:41:04 GMT GET /api/v1/auth/me 304 - - 1.406 ms
Sun, 14 Jun 2026 19:41:19 GMT GET /api/v1/auth/me 304 - - 1.287 ms
Sun, 14 Jun 2026 19:41:19 GMT GET /api/v1/auth/me 304 - - 1.001 ms
Sun, 14 Jun 2026 19:41:19 GMT GET /api/v1/audits 404 152 - 0.213 ms
Sun, 14 Jun 2026 19:41:19 GMT GET /api/v1/audits 404 152 - 0.626 ms
Sun, 14 Jun 2026 19:41:19 GMT GET /api/v1/clients 304 - - 2.264 ms
Sun, 14 Jun 2026 19:41:19 GMT GET /api/v1/clients 304 - - 1.295 ms
Sun, 14 Jun 2026 19:47:00 GMT GET /api/v1/auth/me 304 - - 1.454 ms
Sun, 14 Jun 2026 19:47:00 GMT GET /api/v1/auth/me 304 - - 1.170 ms
Sun, 14 Jun 2026 19:47:00 GMT GET /api/v1/audits 404 152 - 0.171 ms
Sun, 14 Jun 2026 19:47:00 GMT GET /api/v1/audits 404 152 - 0.166 ms
Sun, 14 Jun 2026 19:47:00 GMT GET /api/v1/clients 304 - - 1.474 ms
Sun, 14 Jun 2026 19:47:00 GMT GET /api/v1/clients 304 - - 1.293 ms
Sun, 14 Jun 2026 19:47:08 GMT GET /api/v1/auth/me 304 - - 1.232 ms
Sun, 14 Jun 2026 19:47:08 GMT GET /api/v1/auth/me 304 - - 1.294 ms
Sun, 14 Jun 2026 19:47:08 GMT GET /api/v1/audits 404 152 - 0.180 ms
Sun, 14 Jun 2026 19:47:08 GMT GET /api/v1/audits 404 152 - 0.161 ms
Sun, 14 Jun 2026 19:47:08 GMT GET /api/v1/clients 304 - - 1.905 ms
Sun, 14 Jun 2026 19:47:08 GMT GET /api/v1/clients 304 - - 1.199 ms
Sun, 14 Jun 2026 19:48:36 GMT GET /api/v1/auth/me 304 - - 1.324 ms
Sun, 14 Jun 2026 19:48:36 GMT GET /api/v1/auth/me 304 - - 1.032 ms
Sun, 14 Jun 2026 19:48:36 GMT GET /api/v1/audits 404 152 - 0.244 ms
Sun, 14 Jun 2026 19:48:36 GMT GET /api/v1/audits 404 152 - 0.182 ms
Sun, 14 Jun 2026 19:48:36 GMT GET /api/v1/clients 304 - - 2.064 ms
Sun, 14 Jun 2026 19:48:36 GMT GET /api/v1/clients 304 - - 1.163 ms
Sun, 14 Jun 2026 19:52:39 GMT GET /api/v1/auth/me 304 - - 2.739 ms
Sun, 14 Jun 2026 19:52:39 GMT GET /api/v1/auth/me 304 - - 3.896 ms
Sun, 14 Jun 2026 19:52:39 GMT GET /api/v1/audits 404 152 - 0.194 ms
Sun, 14 Jun 2026 19:52:39 GMT GET /api/v1/audits 404 152 - 0.156 ms
Sun, 14 Jun 2026 19:52:39 GMT GET /api/v1/clients 304 - - 1.709 ms
Sun, 14 Jun 2026 19:52:39 GMT GET /api/v1/clients 304 - - 1.292 ms
Sun, 14 Jun 2026 19:52:49 GMT GET /api/v1/auth/me 304 - - 1.314 ms
Sun, 14 Jun 2026 19:52:49 GMT GET /api/v1/auth/me 304 - - 1.043 ms
Sun, 14 Jun 2026 19:52:50 GMT GET /api/v1/audits/1 404 154 - 0.202 ms
Sun, 14 Jun 2026 19:52:50 GMT GET /api/v1/audits/1 404 154 - 0.215 ms
Sun, 14 Jun 2026 19:52:56 GMT GET /api/v1/auth/me 304 - - 1.280 ms
Sun, 14 Jun 2026 19:52:56 GMT GET /api/v1/auth/me 304 - - 1.240 ms
Sun, 14 Jun 2026 19:52:56 GMT GET /api/v1/audits 404 152 - 0.163 ms
Sun, 14 Jun 2026 19:52:56 GMT GET /api/v1/audits 404 152 - 0.124 ms
Sun, 14 Jun 2026 19:52:56 GMT GET /api/v1/clients 304 - - 1.660 ms
Sun, 14 Jun 2026 19:52:56 GMT GET /api/v1/clients 304 - - 1.275 ms
Sun, 14 Jun 2026 19:53:15 GMT GET /api/v1/audits 404 152 - 0.218 ms
Sun, 14 Jun 2026 19:53:15 GMT GET /api/v1/audits 404 152 - 0.193 ms
Sun, 14 Jun 2026 19:53:15 GMT GET /api/v1/clients 304 - - 2.444 ms
Sun, 14 Jun 2026 19:53:15 GMT GET /api/v1/clients 304 - - 1.142 ms
Sun, 14 Jun 2026 19:53:16 GMT GET /api/v1/audits 404 152 - 0.183 ms
Sun, 14 Jun 2026 19:53:16 GMT GET /api/v1/audits 404 152 - 0.125 ms
Sun, 14 Jun 2026 19:53:16 GMT GET /api/v1/clients 304 - - 1.866 ms
Sun, 14 Jun 2026 19:53:16 GMT GET /api/v1/clients 304 - - 1.338 ms
Sun, 14 Jun 2026 19:53:42 GMT GET /api/v1/auth/me 304 - - 1.243 ms
Sun, 14 Jun 2026 19:53:42 GMT GET /api/v1/auth/me 304 - - 1.240 ms
Sun, 14 Jun 2026 19:53:42 GMT GET /api/v1/audits 404 152 - 0.171 ms
Sun, 14 Jun 2026 19:53:42 GMT GET /api/v1/audits 404 152 - 0.132 ms
Sun, 14 Jun 2026 19:53:42 GMT GET /api/v1/clients 304 - - 1.433 ms
Sun, 14 Jun 2026 19:53:42 GMT GET /api/v1/clients 304 - - 1.131 ms
Sun, 14 Jun 2026 19:54:43 GMT GET /api/v1/auth/me 304 - - 1.297 ms
Sun, 14 Jun 2026 19:54:43 GMT GET /api/v1/auth/me 304 - - 1.044 ms
Sun, 14 Jun 2026 19:54:43 GMT GET /api/v1/clients 304 - - 1.060 ms
Sun, 14 Jun 2026 19:54:43 GMT GET /api/v1/clients 304 - - 1.494 ms
Sun, 14 Jun 2026 19:54:43 GMT GET /api/v1/audits 404 152 - 0.172 ms
Sun, 14 Jun 2026 19:54:43 GMT GET /api/v1/audits 404 152 - 0.129 ms
Sun, 14 Jun 2026 19:54:45 GMT GET /api/v1/clients 304 - - 1.303 ms
Sun, 14 Jun 2026 19:54:45 GMT GET /api/v1/clients 304 - - 1.243 ms
Sun, 14 Jun 2026 19:54:51 GMT GET /api/v1/audits 404 152 - 0.164 ms
Sun, 14 Jun 2026 19:54:51 GMT GET /api/v1/audits 404 152 - 0.121 ms
Sun, 14 Jun 2026 19:54:51 GMT GET /api/v1/clients 304 - - 2.010 ms
Sun, 14 Jun 2026 19:54:51 GMT GET /api/v1/clients 304 - - 1.290 ms
Sun, 14 Jun 2026 19:55:24 GMT GET /api/v1/audits/ 404 153 - 0.360 ms
Sun, 14 Jun 2026 19:55:56 GMT GET /api/v1/auth/me 304 - - 20.878 ms
Sun, 14 Jun 2026 19:55:56 GMT GET /api/v1/auth/me 304 - - 18.010 ms
Sun, 14 Jun 2026 19:55:56 GMT GET /api/v1/audits 200 2 - 5.285 ms
Sun, 14 Jun 2026 19:55:56 GMT GET /api/v1/audits 200 2 - 4.604 ms
Sun, 14 Jun 2026 19:55:56 GMT GET /api/v1/clients 304 - - 5.376 ms
Sun, 14 Jun 2026 19:55:56 GMT GET /api/v1/clients 304 - - 1.266 ms
Sun, 14 Jun 2026 19:57:33 GMT GET /api/v1/clients 304 - - 1.706 ms
Sun, 14 Jun 2026 19:57:33 GMT GET /api/v1/clients 304 - - 1.388 ms
Sun, 14 Jun 2026 19:57:44 GMT PUT /api/v1/clients/1 200 31 - 2.302 ms
Sun, 14 Jun 2026 19:57:48 GMT PUT /api/v1/clients/1 200 31 - 1.561 ms
Sun, 14 Jun 2026 19:58:24 GMT PUT /api/v1/clients/1 200 31 - 1.209 ms
Sun, 14 Jun 2026 19:58:30 GMT GET /api/v1/audits 304 - - 2.146 ms
Sun, 14 Jun 2026 19:58:30 GMT GET /api/v1/clients 304 - - 2.059 ms
Sun, 14 Jun 2026 19:58:30 GMT GET /api/v1/audits 304 - - 1.075 ms
Sun, 14 Jun 2026 19:58:30 GMT GET /api/v1/clients 304 - - 0.866 ms
